<?xml version="1.0" encoding="UTF-8"?>
<!-- Generated by org.testng.reporters.JUnitReportReporter -->
<testsuite hostname="hiram" failures="0" tests="5" name="tests.AutomationLinksTest" time="324.828" errors="0" timestamp="2026-09-08T13:24:35 MST" skipped="0">
  <testcase classname="tests.AutomationLinksTest" name="shouldNavigateToAcercaDelBancoLinks" time="80.956"/>
  <testcase classname="tests.AutomationLinksTest" name="shouldNavigateToPersonasLinks" time="108.525"/>
  <testcase classname="tests.AutomationLinksTest" name="shouldNavigateToEmpresasLinks" time="25.274"/>
  <testcase classname="tests.AutomationLinksTest" name="shouldNavigateToPyMesLinks" time="92.762"/>
  <testcase classname="tests.AutomationLinksTest" name="shouldNavigateToBancaPrivadaLinks" time="17.311"/>
</testsuite> <!-- tests.AutomationLinksTest -->
