<?xml version="1.0" encoding="UTF-8"?>
<!-- Generated by org.testng.reporters.JUnitReportReporter -->
<testsuite hostname="hiram" failures="0" tests="4" name="tests.AutomationPracticeTest" time="23.917" errors="0" timestamp="2026-09-08T08:55:23 MST" skipped="0">
  <testcase classname="tests.AutomationPracticeTest" name="shouldCompleteFormAndControls" time="7.922"/>
  <testcase classname="tests.AutomationPracticeTest" name="shouldInteractWithProductTable" time="3.502"/>
  <testcase classname="tests.AutomationPracticeTest" name="shouldHandleAlerts" time="4.396"/>
  <testcase classname="tests.AutomationPracticeTest" name="shouldPerformAdvancedActions" time="8.097"/>
</testsuite> <!-- tests.AutomationPracticeTest -->
