<?xml version="1.0" encoding="UTF-8"?>
<!-- Generated by org.testng.reporters.JUnitXMLReporter -->
<testsuite ignored="0" hostname="hiram" failures="0" tests="5" name="Recorrido completo" time="324.947" errors="0" timestamp="2026-09-08T13:24:35 MST">
  <testcase classname="tests.AutomationLinksTest" name="shouldNavigateToAcercaDelBancoLinks" time="71.392"/>
  <testcase classname="tests.AutomationLinksTest" name="shouldNavigateToBancaPrivadaLinks" time="8.278"/>
  <testcase classname="tests.AutomationLinksTest" name="shouldNavigateToEmpresasLinks" time="15.899"/>
  <testcase classname="tests.AutomationLinksTest" name="shouldNavigateToPersonasLinks" time="99.04"/>
  <testcase classname="tests.AutomationLinksTest" name="shouldNavigateToPyMesLinks" time="83.571"/>
</testsuite> <!-- Recorrido completo -->
