<?xml version="1.0" encoding="UTF-8"?>
<testng-results ignored="0" total="5" passed="5" failed="0" skipped="0">
  <reporter-output>
  </reporter-output>
  <suite started-at="2026-09-08T13:19:10 MST" name="Automation Practice - POM" finished-at="2026-09-08T13:24:35 MST" duration-ms="324947">
    <groups>
    </groups>
    <test started-at="2026-09-08T13:19:10 MST" name="Recorrido completo" finished-at="2026-09-08T13:24:35 MST" duration-ms="324947">
      <class name="tests.AutomationLinksTest">
        <test-method is-config="true" signature="setUp()[pri:0, instance:tests.AutomationLinksTest@6aba2b86]" started-at="2026-09-08T13:19:10 MST" name="setUp" finished-at="2026-09-08T13:19:18 MST" duration-ms="8147" status="PASS">
          <reporter-output>
          </reporter-output>
        </test-method> <!-- setUp -->
        <test-method signature="shouldNavigateToAcercaDelBancoLinks()[pri:0, instance:tests.AutomationLinksTest@6aba2b86]" started-at="2026-09-08T13:19:18 MST" name="shouldNavigateToAcercaDelBancoLinks" finished-at="2026-09-08T13:20:29 MST" duration-ms="71392" status="PASS">
          <reporter-output>
          </reporter-output>
        </test-method> <!-- shouldNavigateToAcercaDelBancoLinks -->
        <test-method is-config="true" signature="tearDown()[pri:0, instance:tests.AutomationLinksTest@6aba2b86]" started-at="2026-09-08T13:20:29 MST" name="tearDown" finished-at="2026-09-08T13:20:31 MST" duration-ms="1228" status="PASS">
          <reporter-output>
          </reporter-output>
        </test-method> <!-- tearDown -->
        <test-method is-config="true" signature="setUp()[pri:0, instance:tests.AutomationLinksTest@6aba2b86]" started-at="2026-09-08T13:20:31 MST" name="setUp" finished-at="2026-09-08T13:20:39 MST" duration-ms="8718" status="PASS">
          <reporter-output>
          </reporter-output>
        </test-method> <!-- setUp -->
        <test-method signature="shouldNavigateToBancaPrivadaLinks()[pri:0, instance:tests.AutomationLinksTest@6aba2b86]" started-at="2026-09-08T13:20:39 MST" name="shouldNavigateToBancaPrivadaLinks" finished-at="2026-09-08T13:20:48 MST" duration-ms="8278" status="PASS">
          <reporter-output>
          </reporter-output>
        </test-method> <!-- shouldNavigateToBancaPrivadaLinks -->
        <test-method is-config="true" signature="tearDown()[pri:0, instance:tests.AutomationLinksTest@6aba2b86]" started-at="2026-09-08T13:20:48 MST" name="tearDown" finished-at="2026-09-08T13:20:48 MST" duration-ms="473" status="PASS">
          <reporter-output>
          </reporter-output>
        </test-method> <!-- tearDown -->
        <test-method is-config="true" signature="setUp()[pri:0, instance:tests.AutomationLinksTest@6aba2b86]" started-at="2026-09-08T13:20:48 MST" name="setUp" finished-at="2026-09-08T13:20:57 MST" duration-ms="8405" status="PASS">
          <reporter-output>
          </reporter-output>
        </test-method> <!-- setUp -->
        <test-method signature="shouldNavigateToEmpresasLinks()[pri:0, instance:tests.AutomationLinksTest@6aba2b86]" started-at="2026-09-08T13:20:57 MST" name="shouldNavigateToEmpresasLinks" finished-at="2026-09-08T13:21:12 MST" duration-ms="15899" status="PASS">
          <reporter-output>
          </reporter-output>
        </test-method> <!-- shouldNavigateToEmpresasLinks -->
        <test-method is-config="true" signature="tearDown()[pri:0, instance:tests.AutomationLinksTest@6aba2b86]" started-at="2026-09-08T13:21:12 MST" name="tearDown" finished-at="2026-09-08T13:21:13 MST" duration-ms="564" status="PASS">
          <reporter-output>
          </reporter-output>
        </test-method> <!-- tearDown -->
        <test-method is-config="true" signature="setUp()[pri:0, instance:tests.AutomationLinksTest@6aba2b86]" started-at="2026-09-08T13:21:13 MST" name="setUp" finished-at="2026-09-08T13:21:21 MST" duration-ms="8480" status="PASS">
          <reporter-output>
          </reporter-output>
        </test-method> <!-- setUp -->
        <test-method signature="shouldNavigateToPersonasLinks()[pri:0, instance:tests.AutomationLinksTest@6aba2b86]" started-at="2026-09-08T13:21:21 MST" name="shouldNavigateToPersonasLinks" finished-at="2026-09-08T13:23:01 MST" duration-ms="99040" status="PASS">
          <reporter-output>
          </reporter-output>
        </test-method> <!-- shouldNavigateToPersonasLinks -->
        <test-method is-config="true" signature="tearDown()[pri:0, instance:tests.AutomationLinksTest@6aba2b86]" started-at="2026-09-08T13:23:01 MST" name="tearDown" finished-at="2026-09-08T13:23:02 MST" duration-ms="1159" status="PASS">
          <reporter-output>
          </reporter-output>
        </test-method> <!-- tearDown -->
        <test-method is-config="true" signature="setUp()[pri:0, instance:tests.AutomationLinksTest@6aba2b86]" started-at="2026-09-08T13:23:02 MST" name="setUp" finished-at="2026-09-08T13:23:10 MST" duration-ms="8469" status="PASS">
          <reporter-output>
          </reporter-output>
        </test-method> <!-- setUp -->
        <test-method signature="shouldNavigateToPyMesLinks()[pri:0, instance:tests.AutomationLinksTest@6aba2b86]" started-at="2026-09-08T13:23:10 MST" name="shouldNavigateToPyMesLinks" finished-at="2026-09-08T13:24:34 MST" duration-ms="83571" status="PASS">
          <reporter-output>
          </reporter-output>
        </test-method> <!-- shouldNavigateToPyMesLinks -->
        <test-method is-config="true" signature="tearDown()[pri:0, instance:tests.AutomationLinksTest@6aba2b86]" started-at="2026-09-08T13:24:34 MST" name="tearDown" finished-at="2026-09-08T13:24:35 MST" duration-ms="1005" status="PASS">
          <reporter-output>
          </reporter-output>
        </test-method> <!-- tearDown -->
      </class> <!-- tests.AutomationLinksTest -->
    </test> <!-- Recorrido completo -->
  </suite> <!-- Automation Practice - POM -->
</testng-results>
